  HSLtoRGB.cpp
  main.cpp
C:\Users\matej\Desktop\Programing\Mini_Projects\falling_sand\cpp\fall.cpp(22,75): warning C4267: 'argument': conversion from 'size_t' to 'int', possible loss of data
  (compiling source file 'main.cpp')
  
C:\Users\matej\Desktop\Programing\Mini_Projects\falling_sand\cpp\fall.cpp(22,63): warning C4267: 'argument': conversion from 'size_t' to 'int', possible loss of data
  (compiling source file 'main.cpp')
  
C:\Users\matej\Desktop\Programing\Mini_Projects\falling_sand\cpp\HSLtoRGB.cpp(7,2): error C2059: syntax error: '('
  (compiling source file 'main.cpp')
  
C:\Users\matej\Desktop\Programing\Mini_Projects\falling_sand\cpp\HSLtoRGB.cpp(7,2): error C2143: syntax error: missing ')' before '|'
  (compiling source file 'main.cpp')
  
C:\Users\matej\Desktop\Programing\Mini_Projects\falling_sand\cpp\HSLtoRGB.cpp(7,2): error C2143: syntax error: missing ',' before '|'
  (compiling source file 'main.cpp')
  
C:\Users\matej\Desktop\Programing\Mini_Projects\falling_sand\cpp\HSLtoRGB.cpp(7,2): error C4430: missing type specifier - int assumed. Note: C++ does not support default-int
  (compiling source file 'main.cpp')
  
C:\Users\matej\Desktop\Programing\Mini_Projects\falling_sand\cpp\HSLtoRGB.cpp(7,2): error C2059: syntax error: '|'
  (compiling source file 'main.cpp')
  
C:\Users\matej\Desktop\Programing\Mini_Projects\falling_sand\cpp\HSLtoRGB.cpp(7,2): warning C4183: 'COLORREF': missing return type; assumed to be a member function returning 'int'
  (compiling source file 'main.cpp')
  
C:\Users\matej\Desktop\Programing\Mini_Projects\falling_sand\cpp\HSLtoRGB.cpp(7,2): error C2059: syntax error: ')'
  (compiling source file 'main.cpp')
  
C:\Users\matej\Desktop\Programing\Mini_Projects\falling_sand\cpp\HSLtoRGB.cpp(7,58): error C2059: syntax error: '{'
  (compiling source file 'main.cpp')
  
C:\Users\matej\Desktop\Programing\Mini_Projects\falling_sand\cpp\HSLtoRGB.cpp(7,58): error C2334: unexpected token(s) preceding '{'; skipping apparent function body
  (compiling source file 'main.cpp')
  
C:\Users\matej\Desktop\Programing\Mini_Projects\falling_sand\cpp\HSLtoRGB.cpp(70,9): error C2440: 'return': cannot convert from 'COLORREF' to 'RGB'
  (compiling source file 'main.cpp')
  C:\Users\matej\Desktop\Programing\Mini_Projects\falling_sand\cpp\HSLtoRGB.cpp(70,9):
  'RGB::RGB': no overloaded function could convert all the argument types
  	C:\Users\matej\Desktop\Programing\Mini_Projects\falling_sand\cpp\HSLtoRGB.cpp(12,1):
  	could be 'RGB::RGB(RGB &&)'
  		C:\Users\matej\Desktop\Programing\Mini_Projects\falling_sand\cpp\HSLtoRGB.cpp(70,9):
  		'RGB::RGB(RGB &&)': cannot convert argument 1 from 'COLORREF' to 'RGB &&'
  			C:\Users\matej\Desktop\Programing\Mini_Projects\falling_sand\cpp\HSLtoRGB.cpp(70,9):
  			Reason: cannot convert from 'COLORREF' to 'RGB'
  			C:\Users\matej\Desktop\Programing\Mini_Projects\falling_sand\cpp\HSLtoRGB.cpp(70,9):
  			Conversion requires a second user-defined-conversion operator or constructor
  	C:\Users\matej\Desktop\Programing\Mini_Projects\falling_sand\cpp\HSLtoRGB.cpp(12,1):
  	or       'RGB::RGB(const RGB &)'
  		C:\Users\matej\Desktop\Programing\Mini_Projects\falling_sand\cpp\HSLtoRGB.cpp(70,9):
  		'RGB::RGB(const RGB &)': cannot convert argument 1 from 'COLORREF' to 'const RGB &'
  			C:\Users\matej\Desktop\Programing\Mini_Projects\falling_sand\cpp\HSLtoRGB.cpp(70,9):
  			Reason: cannot convert from 'COLORREF' to 'const RGB'
  			C:\Users\matej\Desktop\Programing\Mini_Projects\falling_sand\cpp\HSLtoRGB.cpp(70,9):
  			Conversion requires a second user-defined-conversion operator or constructor
  	C:\Users\matej\Desktop\Programing\Mini_Projects\falling_sand\cpp\HSLtoRGB.cpp(70,9):
  	while trying to match the argument list '(COLORREF)'
  
C:\Users\matej\Desktop\Programing\Mini_Projects\falling_sand\cpp\main.cpp(17,48): warning C4267: '=': conversion from 'size_t' to 'LONG', possible loss of data
C:\Users\matej\Desktop\Programing\Mini_Projects\falling_sand\cpp\main.cpp(18,60): warning C4267: '=': conversion from 'size_t' to 'LONG', possible loss of data
C:\Users\matej\Desktop\Programing\Mini_Projects\falling_sand\cpp\main.cpp(28,23): warning C4267: 'initializing': conversion from 'size_t' to 'int', possible loss of data
C:\Users\matej\Desktop\Programing\Mini_Projects\falling_sand\cpp\main.cpp(32,15): warning C4267: 'initializing': conversion from 'size_t' to 'int', possible loss of data
C:\Users\matej\Desktop\Programing\Mini_Projects\falling_sand\cpp\main.cpp(88,52): warning C4267: 'argument': conversion from 'size_t' to 'int', possible loss of data
C:\Users\matej\Desktop\Programing\Mini_Projects\falling_sand\cpp\main.cpp(88,27): warning C4267: 'argument': conversion from 'size_t' to 'int', possible loss of data
C:\Users\matej\Desktop\Programing\Mini_Projects\falling_sand\cpp\main.cpp(87,52): warning C4267: 'argument': conversion from 'size_t' to 'int', possible loss of data
C:\Users\matej\Desktop\Programing\Mini_Projects\falling_sand\cpp\main.cpp(87,27): warning C4267: 'argument': conversion from 'size_t' to 'int', possible loss of data
  Generating Code...
